Determining if the pthread_create exist failed with the following output:
Change Dir: /home/meital/ClionProjects/MPCHonestMajorityNoTriples/CMakeFiles/CMakeTmp

Run Build Command:"/usr/bin/make" "cmTC_4aca6/fast"
/usr/bin/make -f CMakeFiles/cmTC_4aca6.dir/build.make CMakeFiles/cmTC_4aca6.dir/build
make[1]: Entering directory '/home/meital/ClionProjects/MPCHonestMajorityNoTriples/CMakeFiles/CMakeTmp'
Building C object CMakeFiles/cmTC_4aca6.dir/CheckSymbolExists.c.o
/usr/bin/cc     -o CMakeFiles/cmTC_4aca6.dir/CheckSymbolExists.c.o   -c /home/meital/ClionProjects/MPCHonestMajorityNoTriples/CMakeFiles/CMakeTmp/CheckSymbolExists.c
Linking C executable cmTC_4aca6
/home/meital/clion-2017.1.3/bin/cmake/bin/cmake -E cmake_link_script CMakeFiles/cmTC_4aca6.dir/link.txt --verbose=1
/usr/bin/cc       CMakeFiles/cmTC_4aca6.dir/CheckSymbolExists.c.o  -o cmTC_4aca6 -rdynamic 
CMakeFiles/cmTC_4aca6.dir/CheckSymbolExists.c.o: In function `main':
CheckSymbolExists.c:(.text+0x16): undefined reference to `pthread_create'
collect2: error: ld returned 1 exit status
CMakeFiles/cmTC_4aca6.dir/build.make:97: recipe for target 'cmTC_4aca6' failed
make[1]: *** [cmTC_4aca6] Error 1
make[1]: Leaving directory '/home/meital/ClionProjects/MPCHonestMajorityNoTriples/CMakeFiles/CMakeTmp'
Makefile:126: recipe for target 'cmTC_4aca6/fast' failed
make: *** [cmTC_4aca6/fast] Error 2

File /home/meital/ClionProjects/MPCHonestMajorityNoTriples/CMakeFiles/CMakeTmp/CheckSymbolExists.c:
/* */
#include <pthread.h>

int main(int argc, char** argv)
{
  (void)argv;
#ifndef pthread_create
  return ((int*)(&pthread_create))[argc];
#else
  (void)argc;
  return 0;
#endif
}

Determining if the function pthread_create exists in the pthreads failed with the following output:
Change Dir: /home/meital/ClionProjects/MPCHonestMajorityNoTriples/CMakeFiles/CMakeTmp

Run Build Command:"/usr/bin/make" "cmTC_8f11a/fast"
/usr/bin/make -f CMakeFiles/cmTC_8f11a.dir/build.make CMakeFiles/cmTC_8f11a.dir/build
make[1]: Entering directory '/home/meital/ClionProjects/MPCHonestMajorityNoTriples/CMakeFiles/CMakeTmp'
Building C object CMakeFiles/cmTC_8f11a.dir/CheckFunctionExists.c.o
/usr/bin/cc    -DCHECK_FUNCTION_EXISTS=pthread_create   -o CMakeFiles/cmTC_8f11a.dir/CheckFunctionExists.c.o   -c /home/meital/clion-2017.1.3/bin/cmake/share/cmake-3.7/Modules/CheckFunctionExists.c
Linking C executable cmTC_8f11a
/home/meital/clion-2017.1.3/bin/cmake/bin/cmake -E cmake_link_script CMakeFiles/cmTC_8f11a.dir/link.txt --verbose=1
/usr/bin/cc   -DCHECK_FUNCTION_EXISTS=pthread_create    CMakeFiles/cmTC_8f11a.dir/CheckFunctionExists.c.o  -o cmTC_8f11a -rdynamic -lpthreads 
/usr/bin/ld: cannot find -lpthreads
collect2: error: ld returned 1 exit status
CMakeFiles/cmTC_8f11a.dir/build.make:97: recipe for target 'cmTC_8f11a' failed
make[1]: *** [cmTC_8f11a] Error 1
make[1]: Leaving directory '/home/meital/ClionProjects/MPCHonestMajorityNoTriples/CMakeFiles/CMakeTmp'
Makefile:126: recipe for target 'cmTC_8f11a/fast' failed
make: *** [cmTC_8f11a/fast] Error 2


