Determining if the pthread_create exist failed with the following output:
Change Dir: /home/meital/ClionProjects/MPCHonestMajorityNoTriples/cmake-build-debug/CMakeFiles/CMakeTmp

Run Build Command:"/usr/bin/make" "cmTC_85497/fast"
make[1]: Entering directory '/home/meital/ClionProjects/MPCHonestMajorityNoTriples/cmake-build-debug/CMakeFiles/CMakeTmp'
/usr/bin/make -f CMakeFiles/cmTC_85497.dir/build.make CMakeFiles/cmTC_85497.dir/build
make[2]: Entering directory '/home/meital/ClionProjects/MPCHonestMajorityNoTriples/cmake-build-debug/CMakeFiles/CMakeTmp'
Building C object CMakeFiles/cmTC_85497.dir/CheckSymbolExists.c.o
/usr/bin/cc     -o CMakeFiles/cmTC_85497.dir/CheckSymbolExists.c.o   -c /home/meital/ClionProjects/MPCHonestMajorityNoTriples/cmake-build-debug/CMakeFiles/CMakeTmp/CheckSymbolExists.c
Linking C executable cmTC_85497
/home/meital/clion-2017.1.3/bin/cmake/bin/cmake -E cmake_link_script CMakeFiles/cmTC_85497.dir/link.txt --verbose=1
/usr/bin/cc       CMakeFiles/cmTC_85497.dir/CheckSymbolExists.c.o  -o cmTC_85497 -rdynamic 
CMakeFiles/cmTC_85497.dir/CheckSymbolExists.c.o: In function `main':
CheckSymbolExists.c:(.text+0x16): undefined reference to `pthread_create'
collect2: error: ld returned 1 exit status
CMakeFiles/cmTC_85497.dir/build.make:97: recipe for target 'cmTC_85497' failed
make[2]: *** [cmTC_85497] Error 1
make[2]: Leaving directory '/home/meital/ClionProjects/MPCHonestMajorityNoTriples/cmake-build-debug/CMakeFiles/CMakeTmp'
Makefile:126: recipe for target 'cmTC_85497/fast' failed
make[1]: *** [cmTC_85497/fast] Error 2
make[1]: Leaving directory '/home/meital/ClionProjects/MPCHonestMajorityNoTriples/cmake-build-debug/CMakeFiles/CMakeTmp'

File /home/meital/ClionProjects/MPCHonestMajorityNoTriples/cmake-build-debug/CMakeFiles/CMakeTmp/CheckSymbolExists.c:
/* */
#include <pthread.h>

int main(int argc, char** argv)
{
  (void)argv;
#ifndef pthread_create
  return ((int*)(&pthread_create))[argc];
#else
  (void)argc;
  return 0;
#endif
}

Determining if the function pthread_create exists in the pthreads failed with the following output:
Change Dir: /home/meital/ClionProjects/MPCHonestMajorityNoTriples/cmake-build-debug/CMakeFiles/CMakeTmp

Run Build Command:"/usr/bin/make" "cmTC_6f6a1/fast"
make[1]: Entering directory '/home/meital/ClionProjects/MPCHonestMajorityNoTriples/cmake-build-debug/CMakeFiles/CMakeTmp'
/usr/bin/make -f CMakeFiles/cmTC_6f6a1.dir/build.make CMakeFiles/cmTC_6f6a1.dir/build
make[2]: Entering directory '/home/meital/ClionProjects/MPCHonestMajorityNoTriples/cmake-build-debug/CMakeFiles/CMakeTmp'
Building C object CMakeFiles/cmTC_6f6a1.dir/CheckFunctionExists.c.o
/usr/bin/cc    -DCHECK_FUNCTION_EXISTS=pthread_create   -o CMakeFiles/cmTC_6f6a1.dir/CheckFunctionExists.c.o   -c /home/meital/clion-2017.1.3/bin/cmake/share/cmake-3.7/Modules/CheckFunctionExists.c
Linking C executable cmTC_6f6a1
/home/meital/clion-2017.1.3/bin/cmake/bin/cmake -E cmake_link_script CMakeFiles/cmTC_6f6a1.dir/link.txt --verbose=1
/usr/bin/cc   -DCHECK_FUNCTION_EXISTS=pthread_create    CMakeFiles/cmTC_6f6a1.dir/CheckFunctionExists.c.o  -o cmTC_6f6a1 -rdynamic -lpthreads 
/usr/bin/ld: cannot find -lpthreads
collect2: error: ld returned 1 exit status
CMakeFiles/cmTC_6f6a1.dir/build.make:97: recipe for target 'cmTC_6f6a1' failed
make[2]: *** [cmTC_6f6a1] Error 1
make[2]: Leaving directory '/home/meital/ClionProjects/MPCHonestMajorityNoTriples/cmake-build-debug/CMakeFiles/CMakeTmp'
Makefile:126: recipe for target 'cmTC_6f6a1/fast' failed
make[1]: *** [cmTC_6f6a1/fast] Error 2
make[1]: Leaving directory '/home/meital/ClionProjects/MPCHonestMajorityNoTriples/cmake-build-debug/CMakeFiles/CMakeTmp'


